<?xml version="1.0" encoding="utf-8"?><testsuites name="pytest tests"><testsuite name="pytest" errors="0" failures="0" skipped="0" tests="29" time="6.879" timestamp="2026-05-27T12:13:08.453940+00:00" hostname="agent-env-2714f8b7-87f8-47eb-833a-eeb80d5d95a3"><testcase classname="backend.tests.test_iter16_routes_refactor.TestAuthRegression" name="test_login_returns_token" time="0.365" /><testcase classname="backend.tests.test_iter16_routes_refactor.TestAuthRegression" name="test_me" time="0.116" /><testcase classname="backend.tests.test_iter16_routes_refactor.TestPostsRefactor" name="test_get_posts_public" time="0.113" /><testcase classname="backend.tests.test_iter16_routes_refactor.TestPostsRefactor" name="test_create_simple_post" time="0.206" /><testcase classname="backend.tests.test_iter16_routes_refactor.TestPostsRefactor" name="test_create_post_with_media_and_link_preview" time="0.108" /><testcase classname="backend.tests.test_iter16_routes_refactor.TestPostsRefactor" name="test_link_preview_and_cache" time="0.222" /><testcase classname="backend.tests.test_iter16_routes_refactor.TestPostsRefactor" name="test_link_preview_requires_url" time="0.108" /><testcase classname="backend.tests.test_iter16_routes_refactor.TestPostsRefactor" name="test_like_toggle_and_notification" time="0.787" /><testcase classname="backend.tests.test_iter16_routes_refactor.TestPostsRefactor" name="test_like_404" time="0.103" /><testcase classname="backend.tests.test_iter16_routes_refactor.TestPostsRefactor" name="test_comment_increments_and_notifies" time="0.553" /><testcase classname="backend.tests.test_iter16_routes_refactor.TestPostsRefactor" name="test_comment_404" time="0.109" /><testcase classname="backend.tests.test_iter16_routes_refactor.TestPostsRefactor" name="test_posts_require_auth" time="0.102" /><testcase classname="backend.tests.test_iter16_routes_refactor.TestMessagesRefactor" name="test_send_and_list_conversations" time="0.224" /><testcase classname="backend.tests.test_iter16_routes_refactor.TestMessagesRefactor" name="test_send_with_attachments" time="0.120" /><testcase classname="backend.tests.test_iter16_routes_refactor.TestMessagesRefactor" name="test_get_messages_marks_read" time="0.336" /><testcase classname="backend.tests.test_iter16_routes_refactor.TestMessagesRefactor" name="test_send_to_unknown_user" time="0.099" /><testcase classname="backend.tests.test_iter16_routes_refactor.TestMessagesRefactor" name="test_messages_require_auth" time="0.118" /><testcase classname="backend.tests.test_iter16_routes_refactor.TestRegressionMessagesRT" name="test_messages_rt_still_works" time="0.110" /><testcase classname="backend.tests.test_iter16_routes_refactor.TestRegressionAds" name="test_ad_view_rate_limit" time="0.660" /><testcase classname="backend.tests.test_iter16_routes_refactor.TestRegressionAdmin" name="test_admin_deals" time="0.112" /><testcase classname="backend.tests.test_iter16_routes_refactor.TestRegressionAdmin" name="test_admin_ads" time="0.126" /><testcase classname="backend.tests.test_iter16_routes_refactor.TestRegressionExternalOffers" name="test_external_offers_endpoints" time="0.173" /><testcase classname="backend.tests.test_iter16_routes_refactor.TestRegressionUpload" name="test_upload_accepts[test.png-image/png-post]" time="0.272" /><testcase classname="backend.tests.test_iter16_routes_refactor.TestRegressionUpload" name="test_upload_accepts[test.mp4-video/mp4-post]" time="0.298" /><testcase classname="backend.tests.test_iter16_routes_refactor.TestRegressionUpload" name="test_upload_accepts[test.webm-video/webm-post]" time="0.262" /><testcase classname="backend.tests.test_iter16_routes_refactor.TestRegressionUpload" name="test_upload_accepts[test.mov-video/quicktime-post]" time="0.238" /><testcase classname="backend.tests.test_iter16_routes_refactor.TestRegressionUpload" name="test_upload_accepts[test.docx-application/vnd.openxmlformats-officedocument.wordprocessingml.document-doc]" time="0.249" /><testcase classname="backend.tests.test_iter16_routes_refactor.TestRegressionUpload" name="test_upload_accepts[test.xlsx-application/vnd.openxmlformats-officedocument.spreadsheetml.sheet-doc]" time="0.214" /><testcase classname="backend.tests.test_iter16_routes_refactor.TestRegressionUpload" name="test_upload_accepts[test.pptx-application/vnd.openxmlformats-officedocument.presentationml.presentation-doc]" time="0.272" /></testsuite></testsuites>