<?xml version="1.0" encoding="utf-8"?><testsuites name="pytest tests"><testsuite name="pytest" errors="0" failures="0" skipped="0" tests="11" time="6.538" timestamp="2026-05-26T11:34:29.851751+00:00" hostname="agent-env-2714f8b7-87f8-47eb-833a-eeb80d5d95a3"><testcase classname="backend.tests.test_iter13_phaseH" name="test_diploma_levels_33" time="0.249" /><testcase classname="backend.tests.test_iter13_phaseH" name="test_offers_no_demo" time="0.156" /><testcase classname="backend.tests.test_iter13_phaseH" name="test_anonymous_ai_search" time="1.590" /><testcase classname="backend.tests.test_iter13_phaseH" name="test_keyless_offers_returns_list" time="0.176" /><testcase classname="backend.tests.test_iter13_phaseH" name="test_keyed_offers_force_refresh" time="1.585" /><testcase classname="backend.tests.test_iter13_phaseH" name="test_keyed_offers_cache_hit" time="1.739" /><testcase classname="backend.tests.test_iter13_phaseH" name="test_external_offers_all_merge" time="0.178" /><testcase classname="backend.tests.test_iter13_phaseH" name="test_admin_external_sources_status" time="0.466" /><testcase classname="backend.tests.test_iter13_phaseH" name="test_admin_sources_status_forbidden_anon" time="0.109" /><testcase classname="backend.tests.test_iter13_phaseH" name="test_admin_purge_external_offers_cache" time="0.117" /><testcase classname="backend.tests.test_iter13_phaseH" name="test_admin_purge_forbidden_anon" time="0.098" /></testsuite></testsuites>