<?xml version="1.0" encoding="utf-8"?><testsuites name="pytest tests"><testsuite name="pytest" errors="0" failures="0" skipped="0" tests="17" time="9.174" timestamp="2026-05-25T09:51:43.302491+00:00" hostname="agent-env-2714f8b7-87f8-47eb-833a-eeb80d5d95a3"><testcase classname="backend.tests.test_iter7_phaseB.TestCompaniesSearch" name="test_search_no_criteria_returns_400" time="0.197" /><testcase classname="backend.tests.test_iter7_phaseB.TestCompaniesSearch" name="test_search_by_q_returns_normalized" time="0.111" /><testcase classname="backend.tests.test_iter7_phaseB.TestCompaniesSearch" name="test_search_caching_second_call_hits_cache" time="0.888" /><testcase classname="backend.tests.test_iter7_phaseB.TestCompaniesSearch" name="test_search_by_code_postal" time="0.563" /><testcase classname="backend.tests.test_iter7_phaseB.TestCompaniesSearch" name="test_search_by_departement" time="0.590" /><testcase classname="backend.tests.test_iter7_phaseB.TestCompaniesSearch" name="test_search_by_region_84" time="0.663" /><testcase classname="backend.tests.test_iter7_phaseB.TestCompaniesSearch" name="test_search_by_naf" time="0.526" /><testcase classname="backend.tests.test_iter7_phaseB.TestCompanyBySiret" name="test_get_invalid_siret_404" time="0.098" /><testcase classname="backend.tests.test_iter7_phaseB.TestCompanyBySiret" name="test_get_valid_siret_and_cached" time="1.285" /><testcase classname="backend.tests.test_iter7_phaseB.TestAdminExternalCache" name="test_list_cache_requires_admin" time="0.487" /><testcase classname="backend.tests.test_iter7_phaseB.TestAdminExternalCache" name="test_list_cache_anonymous_401" time="0.098" /><testcase classname="backend.tests.test_iter7_phaseB.TestAdminExternalCache" name="test_list_cache_admin" time="1.034" /><testcase classname="backend.tests.test_iter7_phaseB.TestAdminExternalCache" name="test_refresh_cache_siret" time="1.078" /><testcase classname="backend.tests.test_iter7_phaseB.TestAdminExternalCache" name="test_delete_cache_all" time="0.619" /><testcase classname="backend.tests.test_iter7_phaseB.TestProfileV2NewFields" name="test_company_can_set_new_directory_fields" time="0.099" /><testcase classname="backend.tests.test_iter7_phaseB.TestProfileV2NewFields" name="test_get_me_has_new_fields" time="0.130" /><testcase classname="backend.tests.test_iter7_phaseB.TestApiLogs" name="test_logs_created_after_call" time="0.620" /></testsuite></testsuites>