<?xml version="1.0" encoding="utf-8"?><testsuites name="pytest tests"><testsuite name="pytest" errors="0" failures="0" skipped="0" tests="22" time="5.051" timestamp="2026-05-26T12:48:58.736266+00:00" hostname="agent-env-2714f8b7-87f8-47eb-833a-eeb80d5d95a3"><testcase classname="backend.tests.test_iter14_deals_ads.TestDealsWorkflow" name="test_company_create_deal_pending" time="0.558" /><testcase classname="backend.tests.test_iter14_deals_ads.TestDealsWorkflow" name="test_candidate_create_deal_pending" time="0.430" /><testcase classname="backend.tests.test_iter14_deals_ads.TestDealsWorkflow" name="test_admin_list_deals_with_counts" time="0.428" /><testcase classname="backend.tests.test_iter14_deals_ads.TestDealsWorkflow" name="test_admin_approve_deal" time="0.208" /><testcase classname="backend.tests.test_iter14_deals_ads.TestDealsWorkflow" name="test_author_edit_published_deal_back_to_pending" time="0.110" /><testcase classname="backend.tests.test_iter14_deals_ads.TestDealsWorkflow" name="test_admin_refuse_deal" time="0.113" /><testcase classname="backend.tests.test_iter14_deals_ads.TestDealsWorkflow" name="test_admin_suspend_then_reactivate" time="0.337" /><testcase classname="backend.tests.test_iter14_deals_ads.TestDealsWorkflow" name="test_cleanup_deals" time="0.236" /><testcase classname="backend.tests.test_iter14_deals_ads.TestAdsWorkflow" name="test_ads_mine_returns_quota" time="0.481" /><testcase classname="backend.tests.test_iter14_deals_ads.TestAdsWorkflow" name="test_candidate_cannot_create_ad" time="0.101" /><testcase classname="backend.tests.test_iter14_deals_ads.TestAdsWorkflow" name="test_co_alt_create_pending_ad" time="0.110" /><testcase classname="backend.tests.test_iter14_deals_ads.TestAdsWorkflow" name="test_co_free_quota_blocks_second_ad" time="0.109" /><testcase classname="backend.tests.test_iter14_deals_ads.TestAdsWorkflow" name="test_draft_does_not_require_quota" time="0.101" /><testcase classname="backend.tests.test_iter14_deals_ads.TestAdsWorkflow" name="test_public_list_filters_status_published" time="0.104" /><testcase classname="backend.tests.test_iter14_deals_ads.TestAdsWorkflow" name="test_admin_approve_then_patch_back_to_pending" time="0.208" /><testcase classname="backend.tests.test_iter14_deals_ads.TestAdsWorkflow" name="test_tracking_view_and_click" time="0.314" /><testcase classname="backend.tests.test_iter14_deals_ads.TestAdsWorkflow" name="test_admin_list_ads_with_counts_and_stats" time="0.101" /><testcase classname="backend.tests.test_iter14_deals_ads.TestAdsWorkflow" name="test_admin_suspend_then_reactivate_ad" time="0.358" /><testcase classname="backend.tests.test_iter14_deals_ads.TestAdsWorkflow" name="test_admin_refuse_ad" time="0.111" /><testcase classname="backend.tests.test_iter14_deals_ads.TestAdsWorkflow" name="test_admin_invalid_action" time="0.123" /><testcase classname="backend.tests.test_iter14_deals_ads.TestAdsWorkflow" name="test_admin_ads_forbidden_anon" time="0.102" /><testcase classname="backend.tests.test_iter14_deals_ads.TestAdsWorkflow" name="test_delete_ad_owner_and_admin" time="0.206" /></testsuite></testsuites>