<?xml version="1.0" encoding="utf-8"?><testsuites name="pytest tests"><testsuite name="pytest" errors="0" failures="0" skipped="1" tests="22" time="5.869" timestamp="2026-05-25T09:11:56.395381+00:00" hostname="agent-env-2714f8b7-87f8-47eb-833a-eeb80d5d95a3"><testcase classname="backend.tests.test_iter6_cv.TestCvBasics" name="test_get_cv_returns_defaults_with_pdf_template" time="0.579" /><testcase classname="backend.tests.test_iter6_cv.TestCvBasics" name="test_put_cv_persists_pdf_template" time="0.212" /><testcase classname="backend.tests.test_iter6_cv.TestCvBasics" name="test_put_cv_ignores_unknown_fields" time="0.102" /><testcase classname="backend.tests.test_iter6_cv.TestCvExportTemplates" name="test_export_each_template_returns_pdf[modern]" time="0.106" /><testcase classname="backend.tests.test_iter6_cv.TestCvExportTemplates" name="test_export_each_template_returns_pdf[classique]" time="0.111" /><testcase classname="backend.tests.test_iter6_cv.TestCvExportTemplates" name="test_export_each_template_returns_pdf[etudiant]" time="0.102" /><testcase classname="backend.tests.test_iter6_cv.TestCvExportTemplates" name="test_export_each_template_returns_pdf[alternance]" time="0.106" /><testcase classname="backend.tests.test_iter6_cv.TestCvExportTemplates" name="test_export_each_template_returns_pdf[professionnel]" time="0.117" /><testcase classname="backend.tests.test_iter6_cv.TestApplicationOnlineCv" name="test_application_stores_snapshot_and_template" time="0.648" /><testcase classname="backend.tests.test_iter6_cv.TestApplicationOnlineCv" name="test_company_can_get_application_cv" time="0.107" /><testcase classname="backend.tests.test_iter6_cv.TestApplicationOnlineCv" name="test_candidate_can_get_application_cv" time="0.106" /><testcase classname="backend.tests.test_iter6_cv.TestApplicationOnlineCv" name="test_company_export_application_cv_pdf" time="0.105" /><testcase classname="backend.tests.test_iter6_cv.TestApplicationOnlineCv" name="test_application_cv_pdf_default_template_matches_application" time="0.124" /><testcase classname="backend.tests.test_iter6_cv.TestApplicationOnlineCv" name="test_other_company_forbidden" time="0.531" /><testcase classname="backend.tests.test_iter6_cv.TestApplicationOnlineCv" name="test_other_candidate_forbidden" time="0.430" /><testcase classname="backend.tests.test_iter6_cv.TestApplicationOnlineCv" name="test_snapshot_is_frozen" time="0.303" /><testcase classname="backend.tests.test_iter6_cv.TestApplicationWithoutOnlineCv" name="test_no_online_cv_application_returns_404" time="0.162"><skipped type="pytest.skip" message="Need a second internal offer owned by same company">/app/backend/tests/test_iter6_cv.py:291: Need a second internal offer owned by same company</skipped></testcase><testcase classname="backend.tests.test_iter6_cv.TestUserCvVisibility" name="test_public" time="0.306" /><testcase classname="backend.tests.test_iter6_cv.TestUserCvVisibility" name="test_private" time="0.318" /><testcase classname="backend.tests.test_iter6_cv.TestUserCvVisibility" name="test_connected_blocks_non_contacts" time="0.220" /><testcase classname="backend.tests.test_iter6_cv.TestUserCvVisibility" name="test_after_application_blocks_company_without_app" time="0.655" /><testcase classname="backend.tests.test_iter6_cv.TestUserCvVisibility" name="test_after_application_allows_company_with_app" time="0.324" /></testsuite></testsuites>