<?xml version="1.0" encoding="utf-8"?><testsuites name="pytest tests"><testsuite name="pytest" errors="0" failures="0" skipped="0" tests="14" time="6.987" timestamp="2026-05-25T09:36:37.451751+00:00" hostname="agent-env-2714f8b7-87f8-47eb-833a-eeb80d5d95a3"><testcase classname="backend.tests.test_iter7_phaseA.TestPlatformStats" name="test_public_platform_stats_shape" time="0.217" /><testcase classname="backend.tests.test_iter7_phaseA.TestPlatformStats" name="test_admin_stats_requires_admin" time="1.114" /><testcase classname="backend.tests.test_iter7_phaseA.TestPlatformStats" name="test_admin_stats_returns_real_count" time="0.099" /><testcase classname="backend.tests.test_iter7_phaseA.TestPlatformStats" name="test_admin_can_override_displayed_and_public_reflects" time="0.324" /><testcase classname="backend.tests.test_iter7_phaseA.TestPlatformStats" name="test_show_counter_false_persists" time="0.323" /><testcase classname="backend.tests.test_iter7_phaseA.TestTheme" name="test_set_theme_valid[light]" time="0.206" /><testcase classname="backend.tests.test_iter7_phaseA.TestTheme" name="test_set_theme_valid[dark]" time="0.237" /><testcase classname="backend.tests.test_iter7_phaseA.TestTheme" name="test_set_theme_valid[system]" time="0.293" /><testcase classname="backend.tests.test_iter7_phaseA.TestTheme" name="test_set_theme_invalid_400" time="0.096" /><testcase classname="backend.tests.test_iter7_phaseA.TestExtendedStatuses" name="test_obtained_statuses_accepted_and_counted" time="1.951" /><testcase classname="backend.tests.test_iter7_phaseA.TestProfileViews" name="test_view_logs_a_row_dedup" time="0.891" /><testcase classname="backend.tests.test_iter7_phaseA.TestProfileViews" name="test_profile_views_list_requires_premium" time="0.108" /><testcase classname="backend.tests.test_iter7_phaseA.TestProfileViews" name="test_grant_premium_then_list_visible" time="0.913" /><testcase classname="backend.tests.test_iter7_phaseA.TestProfileViews" name="test_stats_endpoint_shape" time="0.111" /></testsuite></testsuites>