<?xml version="1.0" encoding="utf-8"?><testsuites name="pytest tests"><testsuite name="pytest" errors="0" failures="0" skipped="0" tests="15" time="3.725" timestamp="2026-05-28T09:09:57.176729+00:00" hostname="agent-env-2714f8b7-87f8-47eb-833a-eeb80d5d95a3"><testcase classname="backend.tests.test_iter20_routes_split.TestAuth" name="test_login_admin" time="0.479" /><testcase classname="backend.tests.test_iter20_routes_split.TestAuth" name="test_login_company" time="0.356" /><testcase classname="backend.tests.test_iter20_routes_split.TestAuth" name="test_me_returns_role" time="0.496" /><testcase classname="backend.tests.test_iter20_routes_split.TestAuth" name="test_register_rejects_reserved_name" time="0.100" /><testcase classname="backend.tests.test_iter20_routes_split.TestUsers" name="test_get_user_public_profile" time="0.285" /><testcase classname="backend.tests.test_iter20_routes_split.TestOffers" name="test_list_offers_with_premium_field" time="0.104" /><testcase classname="backend.tests.test_iter20_routes_split.TestOffers" name="test_offers_regions_returns_13" time="0.104" /><testcase classname="backend.tests.test_iter20_routes_split.TestOffers" name="test_get_offer_increments_views" time="0.347" /><testcase classname="backend.tests.test_iter20_routes_split.TestOffers" name="test_offers_q_matches_company_name" time="0.152" /><testcase classname="backend.tests.test_iter20_routes_split.TestAdmin" name="test_admin_stats_requires_admin" time="0.092" /><testcase classname="backend.tests.test_iter20_routes_split.TestAdmin" name="test_admin_stats_returns_counts" time="0.149" /><testcase classname="backend.tests.test_iter20_routes_split.TestAdmin" name="test_grant_premium_sets_flag" time="0.646" /><testcase classname="backend.tests.test_iter20_routes_split.TestSearchStudents" name="test_search_students_by_first_name" time="0.111" /><testcase classname="backend.tests.test_iter20_routes_split.TestSearchStudents" name="test_search_students_by_last_name" time="0.123" /><testcase classname="backend.tests.test_iter20_routes_split.TestSearchStudents" name="test_search_students_requires_company_role" time="0.092" /></testsuite></testsuites>