<?xml version="1.0" encoding="utf-8"?><testsuites name="pytest tests"><testsuite name="pytest" errors="0" failures="1" skipped="0" tests="14" time="2.589" timestamp="2026-05-28T07:43:36.852345+00:00" hostname="agent-env-2714f8b7-87f8-47eb-833a-eeb80d5d95a3"><testcase classname="backend.tests.test_iter18_search_v2.TestOwnerAdmin" name="test_login_owner_admin" time="0.546" /><testcase classname="backend.tests.test_iter18_search_v2.TestCities" name="test_cities_list_120plus" time="0.101" /><testcase classname="backend.tests.test_iter18_search_v2.TestCompanyFilter" name="test_company_filter_alpha" time="0.101" /><testcase classname="backend.tests.test_iter18_search_v2.TestCompanyFilter" name="test_company_filter_case_accent_insensitive" time="0.235"><failure message="assert 0 &gt;= 1&#10; +  where 0 = len(set())">backend/tests/test_iter18_search_v2.py:93: in test_company_filter_case_accent_insensitive
    assert len(a) &gt;= 1
E   assert 0 &gt;= 1
E    +  where 0 = len(set())</failure></testcase><testcase classname="backend.tests.test_iter18_search_v2.TestCompanyFilter" name="test_company_filter_partial_edf" time="0.097" /><testcase classname="backend.tests.test_iter18_search_v2.TestRadius" name="test_unknown_city_400" time="0.105" /><testcase classname="backend.tests.test_iter18_search_v2.TestRadius" name="test_radius_paris_30km" time="0.113" /><testcase classname="backend.tests.test_iter18_search_v2.TestCountry" name="test_default_only_french" time="0.120" /><testcase classname="backend.tests.test_iter18_search_v2.TestCountry" name="test_european_only" time="0.124" /><testcase classname="backend.tests.test_iter18_search_v2.TestCountry" name="test_country_alias_allemagne" time="0.132" /><testcase classname="backend.tests.test_iter18_search_v2.TestCountry" name="test_country_alias_royaume_uni" time="0.106" /><testcase classname="backend.tests.test_iter18_search_v2.TestRegression" name="test_root" time="0.093" /><testcase classname="backend.tests.test_iter18_search_v2.TestRegression" name="test_offers_basic" time="0.184" /><testcase classname="backend.tests.test_iter18_search_v2.TestRegression" name="test_deal_creation_pending" time="0.441" /></testsuite></testsuites>