<?xml version="1.0" encoding="utf-8"?><testsuites name="pytest tests"><testsuite name="pytest" errors="0" failures="0" skipped="1" tests="13" time="2.260" timestamp="2026-05-28T10:59:17.839379+00:00" hostname="agent-env-2714f8b7-87f8-47eb-833a-eeb80d5d95a3"><testcase classname="backend.tests.test_iter21_search_fixes.TestOffersCompanySubstring" name="test_beta_returns_at_least_3_offers" time="0.150" /><testcase classname="backend.tests.test_iter21_search_fixes.TestOffersCompanySubstring" name="test_bright_returns_at_least_1" time="0.108" /><testcase classname="backend.tests.test_iter21_search_fixes.TestOffersCompanySubstring" name="test_exact_betasystems081_still_matches" time="0.046" /><testcase classname="backend.tests.test_iter21_search_fixes.TestOffersCompanySubstring" name="test_short_term_a_returns_zero" time="0.042" /><testcase classname="backend.tests.test_iter21_search_fixes.TestOffersCompanySubstring" name="test_nonexistent_company_returns_zero" time="0.044" /><testcase classname="backend.tests.test_iter21_search_fixes.TestOffersCompanySubstring" name="test_external_offers_sofratom_zero" time="0.050" /><testcase classname="backend.tests.test_iter21_search_fixes.TestOffersCompanySubstring" name="test_francetravail_sofratom_zero" time="0.907" /><testcase classname="backend.tests.test_iter21_search_fixes.TestAdminSearchStudents" name="test_admin_search_lucas" time="0.315" /><testcase classname="backend.tests.test_iter21_search_fixes.TestAdminSearchStudents" name="test_company_search_lucas_regression" time="0.311" /><testcase classname="backend.tests.test_iter21_search_fixes.TestIter20Regression" name="test_auth_me_admin" time="0.049" /><testcase classname="backend.tests.test_iter21_search_fixes.TestIter20Regression" name="test_admin_stats" time="0.051" /><testcase classname="backend.tests.test_iter21_search_fixes.TestIter20Regression" name="test_offers_regions" time="0.045" /><testcase classname="backend.tests.test_iter21_search_fixes.TestIter20Regression" name="test_users_public_profile" time="0.057"><skipped type="pytest.skip" message="No user_id derivable from offers; skipping public profile check">/app/backend/tests/test_iter21_search_fixes.py:184: No user_id derivable from offers; skipping public profile check</skipped></testcase></testsuite></testsuites>