<?xml version="1.0" encoding="utf-8"?><testsuites name="pytest tests"><testsuite name="pytest" errors="0" failures="0" skipped="0" tests="14" time="10.299" timestamp="2026-05-26T13:14:05.001271+00:00" hostname="agent-env-2714f8b7-87f8-47eb-833a-eeb80d5d95a3"><testcase classname="backend.tests.test_iter15_media_attachments.TestUploadExtensions" name="test_upload_mp4_video_accepted" time="1.803" /><testcase classname="backend.tests.test_iter15_media_attachments.TestUploadExtensions" name="test_upload_webm_accepted" time="0.223" /><testcase classname="backend.tests.test_iter15_media_attachments.TestUploadExtensions" name="test_upload_mov_accepted" time="0.242" /><testcase classname="backend.tests.test_iter15_media_attachments.TestUploadExtensions" name="test_upload_docx_accepted" time="0.223" /><testcase classname="backend.tests.test_iter15_media_attachments.TestUploadExtensions" name="test_upload_xlsx_accepted" time="0.373" /><testcase classname="backend.tests.test_iter15_media_attachments.TestUploadExtensions" name="test_upload_pptx_accepted" time="0.230" /><testcase classname="backend.tests.test_iter15_media_attachments.TestUploadExtensions" name="test_upload_pdf_accepted_15mb_limit" time="0.228" /><testcase classname="backend.tests.test_iter15_media_attachments.TestUploadExtensions" name="test_upload_exe_rejected" time="0.113" /><testcase classname="backend.tests.test_iter15_media_attachments.TestPostsMedia" name="test_create_post_with_media_and_link_preview" time="0.467" /><testcase classname="backend.tests.test_iter15_media_attachments.TestPostsMedia" name="test_link_preview_wikipedia" time="0.356" /><testcase classname="backend.tests.test_iter15_media_attachments.TestPostsMedia" name="test_files_public_for_kind_post" time="0.435" /><testcase classname="backend.tests.test_iter15_media_attachments.TestMessagesAttachments" name="test_message_with_pdf_attachment_and_last_message" time="0.856" /><testcase classname="backend.tests.test_iter15_media_attachments.TestAdRateLimit" name="test_view_dedup_same_ip" time="2.565" /><testcase classname="backend.tests.test_iter15_media_attachments.TestAdRateLimit" name="test_click_dedup_same_ip" time="2.096" /></testsuite></testsuites>