<?xml version="1.0" encoding="utf-8"?><testsuites name="pytest tests"><testsuite name="pytest" errors="0" failures="0" skipped="0" tests="22" time="12.373" timestamp="2026-05-25T10:07:31.595753+00:00" hostname="agent-env-2714f8b7-87f8-47eb-833a-eeb80d5d95a3"><testcase classname="backend.tests.test_iter8_phaseCDE.TestMyCompanies" name="test_add_company_candidate" time="1.085" /><testcase classname="backend.tests.test_iter8_phaseCDE.TestMyCompanies" name="test_add_duplicate" time="0.113" /><testcase classname="backend.tests.test_iter8_phaseCDE.TestMyCompanies" name="test_company_role_forbidden" time="0.423" /><testcase classname="backend.tests.test_iter8_phaseCDE.TestMyCompanies" name="test_list_companies_filter" time="0.473" /><testcase classname="backend.tests.test_iter8_phaseCDE.TestMyCompanies" name="test_patch_invalid_status" time="0.106" /><testcase classname="backend.tests.test_iter8_phaseCDE.TestMyCompanies" name="test_patch_valid_fields" time="0.210" /><testcase classname="backend.tests.test_iter8_phaseCDE.TestMyCompanies" name="test_export_csv" time="0.100" /><testcase classname="backend.tests.test_iter8_phaseCDE.TestMyCompanies" name="test_export_xlsx" time="0.345" /><testcase classname="backend.tests.test_iter8_phaseCDE.TestMyCompanies" name="test_export_pdf" time="0.104" /><testcase classname="backend.tests.test_iter8_phaseCDE.TestMyCompanies" name="test_export_invalid" time="0.115" /><testcase classname="backend.tests.test_iter8_phaseCDE.TestMyCompanies" name="test_delete" time="0.314" /><testcase classname="backend.tests.test_iter8_phaseCDE.TestAISpontaneous" name="test_company_forbidden" time="0.106" /><testcase classname="backend.tests.test_iter8_phaseCDE.TestAISpontaneous" name="test_generate_message" time="4.257" /><testcase classname="backend.tests.test_iter8_phaseCDE.TestAISearch" name="test_ai_search_extracts_city" time="2.760" /><testcase classname="backend.tests.test_iter8_phaseCDE.TestAISearch" name="test_ai_search_empty_400" time="0.112" /><testcase classname="backend.tests.test_iter8_phaseCDE.TestSearchHistory" name="test_history_settings_enable" time="0.113" /><testcase classname="backend.tests.test_iter8_phaseCDE.TestSearchHistory" name="test_add_and_list_history" time="0.311" /><testcase classname="backend.tests.test_iter8_phaseCDE.TestSearchHistory" name="test_delete_one" time="0.205" /><testcase classname="backend.tests.test_iter8_phaseCDE.TestSearchHistory" name="test_history_disabled_skips" time="0.301" /><testcase classname="backend.tests.test_iter8_phaseCDE.TestSearchHistory" name="test_clear_all" time="0.201" /><testcase classname="backend.tests.test_iter8_phaseCDE.TestAdminStats" name="test_non_admin_403" time="0.099" /><testcase classname="backend.tests.test_iter8_phaseCDE.TestAdminStats" name="test_admin_stats" time="0.426" /></testsuite></testsuites>