<?xml version="1.0" encoding="utf-8"?><testsuites name="pytest tests"><testsuite name="pytest" errors="0" failures="0" skipped="1" tests="30" time="7.594" timestamp="2026-05-27T12:37:30.175203+00:00" hostname="agent-env-2714f8b7-87f8-47eb-833a-eeb80d5d95a3"><testcase classname="backend.tests.test_iter17_moderation_routes.TestContacts" name="test_status_none_then_request" time="0.826"><skipped type="pytest.skip" message="Already connected from prior run">/app/backend/tests/test_iter17_moderation_routes.py:79: Already connected from prior run</skipped></testcase><testcase classname="backend.tests.test_iter17_moderation_routes.TestContacts" name="test_list_contacts_shape" time="0.108" /><testcase classname="backend.tests.test_iter17_moderation_routes.TestContacts" name="test_self_request_refused" time="0.107" /><testcase classname="backend.tests.test_iter17_moderation_routes.TestContacts" name="test_block_idempotent" time="0.234" /><testcase classname="backend.tests.test_iter17_moderation_routes.TestNotifications" name="test_list_shape" time="0.103" /><testcase classname="backend.tests.test_iter17_moderation_routes.TestNotifications" name="test_mark_read" time="0.241" /><testcase classname="backend.tests.test_iter17_moderation_routes.TestDeals" name="test_create_is_pending" time="0.114" /><testcase classname="backend.tests.test_iter17_moderation_routes.TestDeals" name="test_list_published_excludes_pending" time="0.118" /><testcase classname="backend.tests.test_iter17_moderation_routes.TestDeals" name="test_admin_queue_with_counts" time="0.468" /><testcase classname="backend.tests.test_iter17_moderation_routes.TestDeals" name="test_admin_validate_approve" time="0.255" /><testcase classname="backend.tests.test_iter17_moderation_routes.TestDeals" name="test_author_edit_repends" time="0.103" /><testcase classname="backend.tests.test_iter17_moderation_routes.TestDeals" name="test_save_toggle_and_mine" time="0.454" /><testcase classname="backend.tests.test_iter17_moderation_routes.TestDeals" name="test_validate_invalid_action" time="0.107" /><testcase classname="backend.tests.test_iter17_moderation_routes.TestModeration" name="test_create_report_post" time="0.207" /><testcase classname="backend.tests.test_iter17_moderation_routes.TestModeration" name="test_duplicate_report_refused" time="0.110" /><testcase classname="backend.tests.test_iter17_moderation_routes.TestModeration" name="test_self_report_refused" time="0.121" /><testcase classname="backend.tests.test_iter17_moderation_routes.TestModeration" name="test_invalid_reason_refused" time="0.098" /><testcase classname="backend.tests.test_iter17_moderation_routes.TestModeration" name="test_target_not_found" time="0.105" /><testcase classname="backend.tests.test_iter17_moderation_routes.TestModeration" name="test_reports_mine" time="0.099" /><testcase classname="backend.tests.test_iter17_moderation_routes.TestModeration" name="test_admin_reports_queue_with_snapshot" time="0.113" /><testcase classname="backend.tests.test_iter17_moderation_routes.TestModeration" name="test_non_admin_blocked_from_admin_endpoints" time="0.102" /><testcase classname="backend.tests.test_iter17_moderation_routes.TestModeration" name="test_admin_dismiss_marks_kept" time="0.319" /><testcase classname="backend.tests.test_iter17_moderation_routes.TestModeration" name="test_admin_remove_comment_cascade" time="1.120" /><testcase classname="backend.tests.test_iter17_moderation_routes.TestModeration" name="test_admin_archive_report" time="0.665" /><testcase classname="backend.tests.test_iter17_moderation_routes.TestRegression" name="test_auth_login_admin" time="0.340" /><testcase classname="backend.tests.test_iter17_moderation_routes.TestRegression" name="test_posts_list" time="0.120" /><testcase classname="backend.tests.test_iter17_moderation_routes.TestRegression" name="test_post_create_like_comment" time="0.343" /><testcase classname="backend.tests.test_iter17_moderation_routes.TestRegression" name="test_ads_public" time="0.103" /><testcase classname="backend.tests.test_iter17_moderation_routes.TestRegression" name="test_external_offers_keyless" time="0.175" /><testcase classname="backend.tests.test_iter17_moderation_routes.TestRegression" name="test_messages_rt" time="0.106" /></testsuite></testsuites>