<?xml version="1.0" encoding="utf-8"?><testsuites name="pytest tests"><testsuite name="pytest" errors="0" failures="0" skipped="0" tests="20" time="7.039" timestamp="2026-05-14T12:27:55.337367+00:00" hostname="agent-env-2714f8b7-87f8-47eb-833a-eeb80d5d95a3"><testcase classname="backend.tests.test_deals_payments" name="test_candidate_creates_deal_pending" time="0.685" /><testcase classname="backend.tests.test_deals_payments" name="test_company_without_subscription_402" time="0.504" /><testcase classname="backend.tests.test_deals_payments" name="test_company_with_subscription_publishes" time="0.244" /><testcase classname="backend.tests.test_deals_payments" name="test_deals_list_sorted_by_tier" time="0.461" /><testcase classname="backend.tests.test_deals_payments" name="test_deals_mine" time="0.105" /><testcase classname="backend.tests.test_deals_payments" name="test_deal_views_increment" time="0.373" /><testcase classname="backend.tests.test_deals_payments" name="test_deal_save_toggle_click_share" time="0.590" /><testcase classname="backend.tests.test_deals_payments" name="test_deal_patch_author_only" time="0.366" /><testcase classname="backend.tests.test_deals_payments" name="test_admin_validate_deal" time="0.809" /><testcase classname="backend.tests.test_deals_payments" name="test_admin_pending_requires_admin" time="0.131" /><testcase classname="backend.tests.test_deals_payments" name="test_checkout_subscription_monthly" time="0.664" /><testcase classname="backend.tests.test_deals_payments" name="test_checkout_invalid_package" time="0.127" /><testcase classname="backend.tests.test_deals_payments" name="test_checkout_boost_missing_deal_id" time="0.240" /><testcase classname="backend.tests.test_deals_payments" name="test_checkout_subscription_rejects_non_company" time="0.110" /><testcase classname="backend.tests.test_deals_payments" name="test_checkout_boost_student" time="0.919" /><testcase classname="backend.tests.test_deals_payments" name="test_subscriptions_me" time="0.133" /><testcase classname="backend.tests.test_deals_payments" name="test_subscription_cancel_404_when_none" time="0.108" /><testcase classname="backend.tests.test_deals_payments" name="test_subscription_cancel_success" time="0.107" /><testcase classname="backend.tests.test_deals_payments" name="test_admin_monetization" time="0.104" /><testcase classname="backend.tests.test_deals_payments" name="test_admin_monetization_requires_admin" time="0.105" /></testsuite></testsuites>