<?xml version="1.0" encoding="utf-8"?><testsuites name="pytest tests"><testsuite name="pytest" errors="0" failures="0" skipped="0" tests="12" time="5.108" timestamp="2026-06-15T07:52:28.060273+00:00" hostname="agent-env-2714f8b7-87f8-47eb-833a-eeb80d5d95a3"><testcase classname="backend.tests.test_iter24_email_auth.TestForgotPassword" name="test_known_email_returns_ok_and_creates_token" time="0.980" /><testcase classname="backend.tests.test_iter24_email_auth.TestForgotPassword" name="test_unknown_email_returns_ok_no_token_created" time="0.481" /><testcase classname="backend.tests.test_iter24_email_auth.TestResetPassword" name="test_invalid_token_returns_400" time="0.101" /><testcase classname="backend.tests.test_iter24_email_auth.TestResetPassword" name="test_short_password_returns_400" time="1.056" /><testcase classname="backend.tests.test_iter24_email_auth.TestResetPassword" name="test_reset_success_then_login_with_new_password" time="0.654" /><testcase classname="backend.tests.test_iter24_email_auth.TestResetPassword" name="test_replay_same_token_returns_400" time="0.091" /><testcase classname="backend.tests.test_iter24_email_auth.TestEmailVerification" name="test_send_verification_returns_console_delivery" time="0.956" /><testcase classname="backend.tests.test_iter24_email_auth.TestEmailVerification" name="test_verify_invalid_token_returns_400" time="0.094" /><testcase classname="backend.tests.test_iter24_email_auth.TestEmailVerification" name="test_verify_valid_token_flips_email_verified" time="0.141" /><testcase classname="backend.tests.test_iter24_email_auth.TestEmailVerification" name="test_replay_verify_token_returns_400" time="0.088" /><testcase classname="backend.tests.test_iter24_email_auth.TestAdminAuthTokensRBAC" name="test_candidate_forbidden" time="0.359" /><testcase classname="backend.tests.test_iter24_email_auth.TestAdminAuthTokensRBAC" name="test_admin_allowed_returns_lists" time="0.044" /></testsuite></testsuites>