<?xml version="1.0" encoding="utf-8"?><testsuites name="pytest tests"><testsuite name="pytest" errors="0" failures="0" skipped="1" tests="19" time="4.799" timestamp="2026-06-01T17:52:37.913667+00:00" hostname="agent-env-2714f8b7-87f8-47eb-833a-eeb80d5d95a3"><testcase classname="backend.tests.test_iter22_routes_oauth.TestGeocodingRoutes" name="test_cities_has_at_least_130" time="0.222" /><testcase classname="backend.tests.test_iter22_routes_oauth.TestGeocodingRoutes" name="test_geocode_saumur_nominatim_fallback" time="0.113" /><testcase classname="backend.tests.test_iter22_routes_oauth.TestGeocodingRoutes" name="test_offers_nearby_paris" time="0.122" /><testcase classname="backend.tests.test_iter22_routes_oauth.TestStudentsSearch" name="test_search_students_lucas_as_admin" time="0.479" /><testcase classname="backend.tests.test_iter22_routes_oauth.TestStudentsSearch" name="test_search_students_nearby_paris_as_admin" time="0.118" /><testcase classname="backend.tests.test_iter22_routes_oauth.TestOfferSources" name="test_offer_sources_has_14" time="0.126" /><testcase classname="backend.tests.test_iter22_routes_oauth.TestPaymentsRoutes" name="test_subscriptions_me_company" time="0.471" /><testcase classname="backend.tests.test_iter22_routes_oauth.TestPaymentsRoutes" name="test_admin_monetization" time="0.106" /><testcase classname="backend.tests.test_iter22_routes_oauth.TestStorageRoutes" name="test_upload_and_fetch_avatar" time="0.975" /><testcase classname="backend.tests.test_iter22_routes_oauth.TestDocumentsRoutes" name="test_post_and_list_documents_candidate" time="0.408" /><testcase classname="backend.tests.test_iter22_routes_oauth.TestGalleryRoutes" name="test_post_and_list_gallery_company" time="0.354" /><testcase classname="backend.tests.test_iter22_routes_oauth.TestEmailAuth" name="test_login_admin" time="0.324" /><testcase classname="backend.tests.test_iter22_routes_oauth.TestEmailAuth" name="test_register_new_user" time="0.377" /><testcase classname="backend.tests.test_iter22_routes_oauth.TestGoogleOAuth" name="test_google_login_returns_503_with_placeholders" time="0.139" /><testcase classname="backend.tests.test_iter22_routes_oauth.TestGoogleOAuth" name="test_google_callback_503_with_placeholders" time="0.125" /><testcase classname="backend.tests.test_iter22_routes_oauth.TestGoogleOAuth" name="test_choose_role_requires_auth" time="0.113" /><testcase classname="backend.tests.test_iter22_routes_oauth.TestGoogleOAuth" name="test_choose_role_rejects_when_role_already_set" time="0.134" /><testcase classname="backend.tests.test_iter22_routes_oauth.TestGoogleOAuth" name="test_choose_role_alternant_alias_maps_to_candidate" time="0.001" /><testcase classname="backend.tests.test_iter22_routes_oauth.TestGoogleOAuthRedirectBehavior" name="test_google_login_302_when_configured" time="0.000"><skipped type="pytest.skip" message="Would require swapping GOOGLE_CLIENT_ID in .env — user asked NOT to modify it. Route logic verified by code review of /app/backend/routes/google_oauth.py.">/app/backend/tests/test_iter22_routes_oauth.py:274: Would require swapping GOOGLE_CLIENT_ID in .env — user asked NOT to modify it. Route logic verified by code review of /app/backend/routes/google_oauth.py.</skipped></testcase></testsuite></testsuites>