<?xml version="1.0" encoding="utf-8"?><testsuites name="pytest tests"><testsuite name="pytest" errors="0" failures="0" skipped="0" tests="25" time="9.390" timestamp="2026-05-14T13:49:58.769680+00:00" hostname="agent-env-2714f8b7-87f8-47eb-833a-eeb80d5d95a3"><testcase classname="tests.test_iter3" name="test_offer_sources_list" time="0.153" /><testcase classname="tests.test_iter3" name="test_offers_massive_seed_with_source_and_external_url" time="0.222" /><testcase classname="tests.test_iter3" name="test_offers_filter_by_source" time="0.173" /><testcase classname="tests.test_iter3" name="test_saved_offers_toggle_and_list" time="1.014" /><testcase classname="tests.test_iter3" name="test_saved_offers_requires_auth" time="0.159" /><testcase classname="tests.test_iter3" name="test_upload_requires_auth" time="0.127" /><testcase classname="tests.test_iter3" name="test_upload_rejects_unsupported" time="0.116" /><testcase classname="tests.test_iter3" name="test_download_file_returns_content" time="0.507" /><testcase classname="tests.test_iter3" name="test_download_missing_file_returns_404" time="0.110" /><testcase classname="tests.test_iter3" name="test_register_student_document" time="0.584" /><testcase classname="tests.test_iter3" name="test_documents_visibility_after_application_hidden_for_random_company" time="0.728" /><testcase classname="tests.test_iter3" name="test_company_role_cannot_register_student_doc" time="0.117" /><testcase classname="tests.test_iter3" name="test_company_gallery_crud" time="0.595" /><testcase classname="tests.test_iter3" name="test_candidate_cannot_post_gallery" time="0.146" /><testcase classname="tests.test_iter3" name="test_search_students_requires_company_role" time="0.105" /><testcase classname="tests.test_iter3" name="test_search_students_returns_candidates_for_company" time="0.128" /><testcase classname="tests.test_iter3" name="test_search_students_filter_by_city" time="0.114" /><testcase classname="tests.test_iter3" name="test_application_detail_company_view_sets_viewed" time="0.769" /><testcase classname="tests.test_iter3" name="test_application_detail_candidate_no_documents" time="0.128" /><testcase classname="tests.test_iter3" name="test_application_status_transitions" time="0.395" /><testcase classname="tests.test_iter3" name="test_application_status_invalid" time="0.132" /><testcase classname="tests.test_iter3" name="test_application_note" time="0.105" /><testcase classname="tests.test_iter3" name="test_application_candidate_withdraw" time="0.237" /><testcase classname="tests.test_iter3" name="test_contact_status_self" time="0.122" /><testcase classname="tests.test_iter3" name="test_contact_status_lifecycle" time="2.303" /></testsuite></testsuites>