<?xml version="1.0" encoding="utf-8"?><testsuites name="pytest tests"><testsuite name="pytest" errors="0" failures="0" skipped="0" tests="21" time="10.482" timestamp="2026-05-13T17:31:18.409579+00:00" hostname="agent-env-2714f8b7-87f8-47eb-833a-eeb80d5d95a3"><testcase classname="backend.tests.backend_test" name="test_root" time="0.400" /><testcase classname="backend.tests.backend_test" name="test_register_and_me" time="0.740" /><testcase classname="backend.tests.backend_test" name="test_login_invalid" time="0.148" /><testcase classname="backend.tests.backend_test" name="test_offers_list_and_filters" time="0.425" /><testcase classname="backend.tests.backend_test" name="test_offers_regions_route_order" time="0.209" /><testcase classname="backend.tests.backend_test" name="test_offer_detail_views_increment" time="0.508" /><testcase classname="backend.tests.backend_test" name="test_create_offer_company" time="0.780" /><testcase classname="backend.tests.backend_test" name="test_create_offer_forbidden_for_candidate" time="0.606" /><testcase classname="backend.tests.backend_test" name="test_application_flow" time="1.081" /><testcase classname="backend.tests.backend_test" name="test_posts_like_comment" time="0.791" /><testcase classname="backend.tests.backend_test" name="test_messages_and_conversations" time="0.731" /><testcase classname="backend.tests.backend_test" name="test_contacts_request_accept" time="0.702" /><testcase classname="backend.tests.backend_test" name="test_notifications" time="0.272" /><testcase classname="backend.tests.backend_test" name="test_dashboard_company" time="0.149" /><testcase classname="backend.tests.backend_test" name="test_dashboard_candidate" time="0.207" /><testcase classname="backend.tests.backend_test" name="test_profile_update" time="0.398" /><testcase classname="backend.tests.backend_test" name="test_user_public" time="0.294" /><testcase classname="backend.tests.backend_test" name="test_admin_stats" time="0.996" /><testcase classname="backend.tests.backend_test" name="test_admin_users" time="0.152" /><testcase classname="backend.tests.backend_test" name="test_admin_verify" time="0.307" /><testcase classname="backend.tests.backend_test" name="test_auth_session_endpoint_exists" time="0.331" /></testsuite></testsuites>