<?xml version="1.0" encoding="utf-8"?><testsuites name="pytest tests"><testsuite name="pytest" errors="0" failures="0" skipped="0" tests="8" time="8.970" timestamp="2026-05-25T10:37:44.037378+00:00" hostname="agent-env-2714f8b7-87f8-47eb-833a-eeb80d5d95a3"><testcase classname="backend.tests.test_iter10_lba.TestLBASearch" name="test_search_lyon_returns_results" time="1.620" /><testcase classname="backend.tests.test_iter10_lba.TestLBASearch" name="test_search_cache_hit_on_second_call" time="1.731" /><testcase classname="backend.tests.test_iter10_lba.TestLBASearch" name="test_search_default_paris_when_no_params" time="1.871" /><testcase classname="backend.tests.test_iter10_lba.TestLBASearch" name="test_search_with_lat_lon" time="1.671" /><testcase classname="backend.tests.test_iter10_lba.TestLBAAdminCache" name="test_purge_requires_auth" time="0.109" /><testcase classname="backend.tests.test_iter10_lba.TestLBAAdminCache" name="test_purge_forbidden_for_non_admin" time="0.435" /><testcase classname="backend.tests.test_iter10_lba.TestLBAAdminCache" name="test_purge_admin_ok" time="0.218" /><testcase classname="backend.tests.test_iter10_lba.TestLBALogging" name="test_api_stats_includes_labonnealternance" time="1.244" /></testsuite></testsuites>