<?xml version="1.0" encoding="utf-8"?><testsuites name="pytest tests"><testsuite name="pytest" errors="0" failures="0" skipped="0" tests="16" time="5.528" timestamp="2026-05-26T11:18:34.377109+00:00" hostname="agent-env-2714f8b7-87f8-47eb-833a-eeb80d5d95a3"><testcase classname="backend.tests.test_iter12_phaseFG.TestDiplomaLevels" name="test_diploma_levels_returns_33_items" time="0.203" /><testcase classname="backend.tests.test_iter12_phaseFG.TestOffersNoDemoAndSorting" name="test_offers_no_is_demo_true" time="0.174" /><testcase classname="backend.tests.test_iter12_phaseFG.TestOffersNoDemoAndSorting" name="test_offers_all_have_source_priority" time="0.146" /><testcase classname="backend.tests.test_iter12_phaseFG.TestOffersNoDemoAndSorting" name="test_offers_sorted_desc_by_source_priority" time="0.123" /><testcase classname="backend.tests.test_iter12_phaseFG.TestOffersNoDemoAndSorting" name="test_stageetudiant_priority_10_and_first" time="0.120" /><testcase classname="backend.tests.test_iter12_phaseFG.TestOffersNoDemoAndSorting" name="test_no_fake_sources_present" time="0.129" /><testcase classname="backend.tests.test_iter12_phaseFG.TestKeylessAggregator" name="test_keyless_basic_structure" time="0.202" /><testcase classname="backend.tests.test_iter12_phaseFG.TestKeylessAggregator" name="test_keyless_has_main_sources" time="0.185" /><testcase classname="backend.tests.test_iter12_phaseFG.TestKeylessAggregator" name="test_keyless_cache_hit_on_second_call" time="0.322" /><testcase classname="backend.tests.test_iter12_phaseFG.TestAdminAshbyBoards" name="test_ashby_403_for_non_admin" time="0.543" /><testcase classname="backend.tests.test_iter12_phaseFG.TestAdminAshbyBoards" name="test_ashby_crud_admin" time="0.807" /><testcase classname="backend.tests.test_iter12_phaseFG.TestAdminGreenhouseBoards" name="test_gh_403_for_non_admin" time="0.111" /><testcase classname="backend.tests.test_iter12_phaseFG.TestAdminGreenhouseBoards" name="test_gh_crud_admin" time="0.328" /><testcase classname="backend.tests.test_iter12_phaseFG.TestAdminCacheAndStatus" name="test_external_offers_cache_purge" time="0.129" /><testcase classname="backend.tests.test_iter12_phaseFG.TestAdminCacheAndStatus" name="test_external_sources_status" time="0.124" /><testcase classname="backend.tests.test_iter12_phaseFG.TestAISearchAnonymous" name="test_ai_search_no_auth" time="1.785" /></testsuite></testsuites>