<?xml version="1.0" encoding="utf-8"?><testsuites name="pytest tests"><testsuite name="pytest" errors="0" failures="0" skipped="0" tests="10" time="5.273" timestamp="2026-05-25T11:48:06.316384+00:00" hostname="agent-env-2714f8b7-87f8-47eb-833a-eeb80d5d95a3"><testcase classname="backend.tests.test_iter11_ft.TestFranceTravailSearch" name="test_search_paris_per_page_5" time="1.112" /><testcase classname="backend.tests.test_iter11_ft.TestFranceTravailSearch" name="test_second_call_is_cached" time="0.221" /><testcase classname="backend.tests.test_iter11_ft.TestFranceTravailSearch" name="test_no_params_defaults_to_dept_75" time="0.577" /><testcase classname="backend.tests.test_iter11_ft.TestFranceTravailSearch" name="test_departement_69" time="0.573" /><testcase classname="backend.tests.test_iter11_ft.TestFranceTravailSearch" name="test_city_lyon_returns_dept_69" time="0.584" /><testcase classname="backend.tests.test_iter11_ft.TestFranceTravailSearch" name="test_domain_informatique_uses_rome" time="0.589" /><testcase classname="backend.tests.test_iter11_ft.TestFTAdminCache" name="test_purge_requires_admin" time="0.428" /><testcase classname="backend.tests.test_iter11_ft.TestFTAdminCache" name="test_purge_no_auth_returns_401" time="0.102" /><testcase classname="backend.tests.test_iter11_ft.TestFTAdminCache" name="test_purge_admin_ok" time="0.218" /><testcase classname="backend.tests.test_iter11_ft.TestFTLogging" name="test_logs_contain_francetravail" time="0.805" /></testsuite></testsuites>