<?xml version="1.0" encoding="utf-8"?><testsuites name="pytest tests"><testsuite name="pytest" errors="0" failures="0" skipped="0" tests="12" time="2.691" timestamp="2026-05-28T08:43:21.064538+00:00" hostname="agent-env-2714f8b7-87f8-47eb-833a-eeb80d5d95a3"><testcase classname="backend.tests.test_iter19_phaseI.TestOfficialProfile" name="test_get_official_profile_public" time="0.168" /><testcase classname="backend.tests.test_iter19_phaseI.TestOfficialProfile" name="test_patch_official_profile_requires_admin" time="0.046" /><testcase classname="backend.tests.test_iter19_phaseI.TestOfficialProfile" name="test_patch_official_profile_as_admin" time="0.474" /><testcase classname="backend.tests.test_iter19_phaseI.TestReservedName" name="test_register_reserved_name_rejected[StageEtudiant.com]" time="0.049" /><testcase classname="backend.tests.test_iter19_phaseI.TestReservedName" name="test_register_reserved_name_rejected[Stage Etudiant]" time="0.043" /><testcase classname="backend.tests.test_iter19_phaseI.TestReservedName" name="test_register_reserved_name_rejected[stageetudiant]" time="0.044" /><testcase classname="backend.tests.test_iter19_phaseI.TestReservedName" name="test_register_normal_name_ok" time="0.271" /><testcase classname="backend.tests.test_iter19_phaseI.TestGeocode" name="test_geocode_saumur_nominatim" time="0.043" /><testcase classname="backend.tests.test_iter19_phaseI.TestGeocode" name="test_geocode_cache_hit" time="1.086" /><testcase classname="backend.tests.test_iter19_phaseI.TestGeocode" name="test_geocode_unknown_city" time="0.277" /><testcase classname="backend.tests.test_iter19_phaseI.TestOffersPremiumEnrich" name="test_offers_list_includes_premium_field" time="0.060" /><testcase classname="backend.tests.test_iter19_phaseI.TestOffersNearby" name="test_nearby_saumur_does_not_404" time="0.045" /></testsuite></testsuites>