<?xml version="1.0" encoding="utf-8"?><testsuites name="pytest tests"><testsuite name="pytest" errors="0" failures="0" skipped="0" tests="66" time="69.542" timestamp="2026-05-14T13:50:32.194674+00:00" hostname="agent-env-2714f8b7-87f8-47eb-833a-eeb80d5d95a3"><testcase classname="tests.backend_test" name="test_root" time="0.143" /><testcase classname="tests.backend_test" name="test_register_and_me" time="0.470" /><testcase classname="tests.backend_test" name="test_login_invalid" time="0.136" /><testcase classname="tests.backend_test" name="test_offers_list_and_filters" time="20.006" /><testcase classname="tests.backend_test" name="test_offers_regions_route_order" time="0.212" /><testcase classname="tests.backend_test" name="test_offer_detail_views_increment" time="0.368" /><testcase classname="tests.backend_test" name="test_create_offer_company" time="3.661" /><testcase classname="tests.backend_test" name="test_create_offer_forbidden_for_candidate" time="0.479" /><testcase classname="tests.backend_test" name="test_application_flow" time="20.365" /><testcase classname="tests.backend_test" name="test_posts_like_comment" time="0.659" /><testcase classname="tests.backend_test" name="test_messages_and_conversations" time="0.512" /><testcase classname="tests.backend_test" name="test_contacts_request_accept" time="0.517" /><testcase classname="tests.backend_test" name="test_notifications" time="0.234" /><testcase classname="tests.backend_test" name="test_dashboard_company" time="0.125" /><testcase classname="tests.backend_test" name="test_dashboard_candidate" time="0.157" /><testcase classname="tests.backend_test" name="test_profile_update" time="0.249" /><testcase classname="tests.backend_test" name="test_user_public" time="0.261" /><testcase classname="tests.backend_test" name="test_admin_stats" time="0.616" /><testcase classname="tests.backend_test" name="test_admin_users" time="0.117" /><testcase classname="tests.backend_test" name="test_admin_verify" time="0.271" /><testcase classname="tests.backend_test" name="test_auth_session_endpoint_exists" time="0.233" /><testcase classname="tests.test_deals_payments" name="test_candidate_creates_deal_pending" time="0.602" /><testcase classname="tests.test_deals_payments" name="test_company_without_subscription_402" time="0.517" /><testcase classname="tests.test_deals_payments" name="test_company_with_subscription_publishes" time="0.307" /><testcase classname="tests.test_deals_payments" name="test_deals_list_sorted_by_tier" time="0.517" /><testcase classname="tests.test_deals_payments" name="test_deals_mine" time="0.122" /><testcase classname="tests.test_deals_payments" name="test_deal_views_increment" time="0.353" /><testcase classname="tests.test_deals_payments" name="test_deal_save_toggle_click_share" time="0.612" /><testcase classname="tests.test_deals_payments" name="test_deal_patch_author_only" time="0.400" /><testcase classname="tests.test_deals_payments" name="test_admin_validate_deal" time="0.820" /><testcase classname="tests.test_deals_payments" name="test_admin_pending_requires_admin" time="0.117" /><testcase classname="tests.test_deals_payments" name="test_checkout_subscription_monthly" time="0.924" /><testcase classname="tests.test_deals_payments" name="test_checkout_invalid_package" time="0.112" /><testcase classname="tests.test_deals_payments" name="test_checkout_boost_missing_deal_id" time="0.119" /><testcase classname="tests.test_deals_payments" name="test_checkout_subscription_rejects_non_company" time="0.117" /><testcase classname="tests.test_deals_payments" name="test_checkout_boost_student" time="0.969" /><testcase classname="tests.test_deals_payments" name="test_subscriptions_me" time="0.116" /><testcase classname="tests.test_deals_payments" name="test_subscription_cancel_404_when_none" time="0.147" /><testcase classname="tests.test_deals_payments" name="test_subscription_cancel_success" time="0.129" /><testcase classname="tests.test_deals_payments" name="test_admin_monetization" time="0.138" /><testcase classname="tests.test_deals_payments" name="test_admin_monetization_requires_admin" time="0.137" /><testcase classname="tests.test_iter3" name="test_offer_sources_list" time="0.117" /><testcase classname="tests.test_iter3" name="test_offers_massive_seed_with_source_and_external_url" time="0.294" /><testcase classname="tests.test_iter3" name="test_offers_filter_by_source" time="0.191" /><testcase classname="tests.test_iter3" name="test_saved_offers_toggle_and_list" time="1.088" /><testcase classname="tests.test_iter3" name="test_saved_offers_requires_auth" time="0.122" /><testcase classname="tests.test_iter3" name="test_upload_requires_auth" time="0.127" /><testcase classname="tests.test_iter3" name="test_upload_rejects_unsupported" time="0.120" /><testcase classname="tests.test_iter3" name="test_download_file_returns_content" time="0.500" /><testcase classname="tests.test_iter3" name="test_download_missing_file_returns_404" time="0.111" /><testcase classname="tests.test_iter3" name="test_register_student_document" time="0.374" /><testcase classname="tests.test_iter3" name="test_documents_visibility_after_application_hidden_for_random_company" time="0.729" /><testcase classname="tests.test_iter3" name="test_company_role_cannot_register_student_doc" time="0.122" /><testcase classname="tests.test_iter3" name="test_company_gallery_crud" time="0.508" /><testcase classname="tests.test_iter3" name="test_candidate_cannot_post_gallery" time="0.119" /><testcase classname="tests.test_iter3" name="test_search_students_requires_company_role" time="0.124" /><testcase classname="tests.test_iter3" name="test_search_students_returns_candidates_for_company" time="0.225" /><testcase classname="tests.test_iter3" name="test_search_students_filter_by_city" time="0.136" /><testcase classname="tests.test_iter3" name="test_application_detail_company_view_sets_viewed" time="0.725" /><testcase classname="tests.test_iter3" name="test_application_detail_candidate_no_documents" time="0.112" /><testcase classname="tests.test_iter3" name="test_application_status_transitions" time="0.385" /><testcase classname="tests.test_iter3" name="test_application_status_invalid" time="0.130" /><testcase classname="tests.test_iter3" name="test_application_note" time="0.118" /><testcase classname="tests.test_iter3" name="test_application_candidate_withdraw" time="0.257" /><testcase classname="tests.test_iter3" name="test_contact_status_self" time="0.138" /><testcase classname="tests.test_iter3" name="test_contact_status_lifecycle" time="5.422" /></testsuite></testsuites>