<?xml version="1.0" encoding="utf-8"?><testsuites name="pytest tests"><testsuite name="pytest" errors="0" failures="1" skipped="0" tests="18" time="7.518" timestamp="2026-05-14T15:57:32.763564+00:00" hostname="agent-env-2714f8b7-87f8-47eb-833a-eeb80d5d95a3"><testcase classname="backend.tests.test_iter5" name="test_avatar_upload_compresses_and_returns_url" time="1.307" /><testcase classname="backend.tests.test_iter5" name="test_avatar_publicly_accessible_for_img_tags" time="0.460"><failure message="AssertionError: Avatar must be publicly accessible for &lt;img&gt; tags; got 401. This is a critical UI integration bug: the frontend cannot render avatars.&#10;assert 401 == 200&#10; +  where 401 = &lt;Response [401]&gt;.status_code">backend/tests/test_iter5.py:104: in test_avatar_publicly_accessible_for_img_tags
    assert g.status_code == 200, (
E   AssertionError: Avatar must be publicly accessible for &lt;img&gt; tags; got 401. This is a critical UI integration bug: the frontend cannot render avatars.
E   assert 401 == 200
E    +  where 401 = &lt;Response [401]&gt;.status_code</failure></testcase><testcase classname="backend.tests.test_iter5" name="test_avatar_upload_requires_auth" time="0.130" /><testcase classname="backend.tests.test_iter5" name="test_company_avatar_sets_logo_key" time="0.779" /><testcase classname="backend.tests.test_iter5" name="test_avatar_delete_removes_profile_avatar" time="0.511" /><testcase classname="backend.tests.test_iter5" name="test_banner_upload_compresses" time="0.707" /><testcase classname="backend.tests.test_iter5" name="test_banner_delete" time="0.552" /><testcase classname="backend.tests.test_iter5" name="test_profile_v2_company_name_cascade" time="0.771" /><testcase classname="backend.tests.test_iter5" name="test_profile_v2_candidate_simple_update" time="0.125" /><testcase classname="backend.tests.test_iter5" name="test_candidates_featured_returns_premium_first" time="0.719" /><testcase classname="backend.tests.test_iter5" name="test_grant_premium_requires_admin" time="0.113" /><testcase classname="backend.tests.test_iter5" name="test_grant_premium_sets_fields" time="0.595" /><testcase classname="backend.tests.test_iter5" name="test_grant_premium_404_for_unknown_user" time="0.107" /><testcase classname="backend.tests.test_iter5" name="test_refresh_external_france_travail_simulation" time="0.124" /><testcase classname="backend.tests.test_iter5" name="test_refresh_external_hellowork" time="0.126" /><testcase classname="backend.tests.test_iter5" name="test_refresh_external_requires_admin" time="0.114" /><testcase classname="backend.tests.test_iter5" name="test_external_connectors_list" time="0.113" /><testcase classname="backend.tests.test_iter5" name="test_mongo_indexes_log_present" time="0.015" /></testsuite></testsuites>