<?xml version="1.0" encoding="utf-8"?><testsuites name="pytest tests"><testsuite name="pytest" errors="0" failures="1" skipped="0" tests="8" time="2.825" timestamp="2026-06-14T18:15:49.064030+00:00" hostname="agent-env-2714f8b7-87f8-47eb-833a-eeb80d5d95a3"><testcase classname="backend.tests.test_iter23_cookie_auth.TestCookieLogin" name="test_login_sets_httponly_cookie_and_returns_token" time="0.451" /><testcase classname="backend.tests.test_iter23_cookie_auth.TestCookieLogin" name="test_me_via_cookie_only_no_authorization_header" time="0.372" /><testcase classname="backend.tests.test_iter23_cookie_auth.TestCookieLogin" name="test_me_via_bearer_header_backward_compat" time="0.418" /><testcase classname="backend.tests.test_iter23_cookie_auth.TestCookieLogin" name="test_me_without_any_auth_returns_401" time="0.140" /><testcase classname="backend.tests.test_iter23_cookie_auth.TestRegisterSetsCookie" name="test_register_sets_cookie" time="0.323" /><testcase classname="backend.tests.test_iter23_cookie_auth.TestLogoutClearsCookie" name="test_logout_clears_cookie" time="0.446" /><testcase classname="backend.tests.test_iter23_cookie_auth.TestCORS" name="test_preflight_with_specific_origin_and_credentials" time="0.385"><failure message="AssertionError: actual POST Allow-Origin must be specific, got '*'&#10;assert '*' == 'https://jobl...gentagent.com'&#10;  &#10;  - https://joblink-stages.preview.emergentagent.com&#10;  + *">backend/tests/test_iter23_cookie_auth.py:171: in test_preflight_with_specific_origin_and_credentials
    assert origin2 == ORIGIN, f"actual POST Allow-Origin must be specific, got '{origin2}'"
E   AssertionError: actual POST Allow-Origin must be specific, got '*'
E   assert '*' == 'https://jobl...gentagent.com'
E     
E     - https://joblink-stages.preview.emergentagent.com
E     + *</failure></testcase><testcase classname="backend.tests.test_iter23_cookie_auth.TestExternalOffersDedup" name="test_external_offers_all_returns_array" time="0.189" /></testsuite></testsuites>